TN:
SF:src/app.controller.ts
FN:6,(anonymous_2)
FN:9,(anonymous_3)
FNF:2
FNH:2
FNDA:5,(anonymous_2)
FNDA:1,(anonymous_3)
DA:1,3
DA:2,3
DA:5,3
DA:6,5
DA:9,3
DA:10,1
LF:6
LH:6
BRDA:6,0,0,3
BRDA:6,0,1,0
BRDA:6,1,0,3
BRDA:6,1,1,3
BRF:4
BRH:3
end_of_record
TN:
SF:src/app.module.ts
FNF:0
FNH:0
DA:1,1
DA:2,1
DA:3,1
DA:10,1
DA:11,1
DA:12,1
DA:19,1
LF:7
LH:7
BRF:0
BRH:0
end_of_record
TN:
SF:src/app.service.ts
FN:5,(anonymous_1)
FNF:1
FNH:1
FNDA:1,(anonymous_1)
DA:1,3
DA:4,3
DA:6,1
LF:3
LH:3
BRF:0
BRH:0
end_of_record
TN:
SF:src/main.ts
FN:4,bootstrap
FNF:1
FNH:1
FNDA:4,bootstrap
DA:1,1
DA:2,1
DA:4,1
DA:5,4
DA:6,4
DA:9,1
LF:6
LH:6
BRDA:6,0,0,4
BRDA:6,0,1,1
BRF:2
BRH:2
end_of_record
TN:
SF:src/auth/auth.controller.ts
FN:9,(anonymous_4)
FN:12,(anonymous_5)
FN:23,(anonymous_6)
FNF:3
FNH:3
FNDA:10,(anonymous_4)
FNDA:2,(anonymous_5)
FNDA:2,(anonymous_6)
DA:1,3
DA:2,3
DA:3,3
DA:4,3
DA:7,3
DA:8,10
DA:9,10
DA:12,3
DA:13,2
DA:14,2
DA:15,1
DA:17,1
DA:18,1
DA:23,3
DA:24,2
DA:25,2
DA:26,1
DA:27,0
DA:29,1
DA:31,1
DA:32,1
LF:21
LH:20
BRDA:18,0,0,1
BRDA:18,0,1,1
BRDA:26,1,0,0
BRDA:26,1,1,1
BRDA:32,2,0,1
BRDA:32,2,1,1
BRDA:12,3,0,3
BRDA:12,3,1,0
BRDA:12,4,0,3
BRDA:12,4,1,3
BRDA:23,5,0,3
BRDA:23,5,1,0
BRDA:23,6,0,3
BRDA:23,6,1,3
BRDA:9,7,0,3
BRDA:9,7,1,0
BRDA:9,8,0,3
BRDA:9,8,1,3
BRF:18
BRH:14
end_of_record
TN:
SF:src/auth/auth.module.ts
FNF:0
FNH:0
DA:1,1
DA:2,1
DA:3,1
DA:4,1
DA:5,1
DA:17,1
LF:6
LH:6
BRDA:10,0,0,1
BRDA:10,0,1,1
BRF:2
BRH:2
end_of_record
TN:
SF:src/auth/auth.service.ts
FN:12,(anonymous_11)
FN:17,(anonymous_12)
FN:49,(anonymous_13)
FN:62,(anonymous_14)
FNF:4
FNH:4
FNDA:12,(anonymous_11)
FNDA:2,(anonymous_12)
FNDA:2,(anonymous_13)
FNDA:2,(anonymous_14)
DA:1,4
DA:2,4
DA:3,4
DA:4,4
DA:9,4
DA:10,12
DA:13,12
DA:14,12
DA:18,2
DA:20,2
DA:21,2
DA:22,1
DA:23,1
DA:25,1
DA:26,1
DA:34,1
DA:41,1
DA:43,1
DA:44,1
DA:45,0
DA:50,2
DA:51,2
DA:52,2
DA:53,2
DA:54,2
DA:55,1
DA:57,0
DA:58,0
DA:63,2
DA:64,2
DA:65,2
DA:66,1
DA:67,1
DA:71,0
DA:72,0
LF:35
LH:30
BRDA:14,0,0,0
BRDA:21,1,0,1
BRDA:21,1,1,1
BRDA:44,2,0,1
BRDA:44,2,1,0
BRDA:45,3,0,0
BRDA:45,3,1,0
BRDA:52,4,0,0
BRDA:52,4,1,2
BRDA:54,5,0,1
BRDA:54,5,1,1
BRDA:65,6,0,1
BRDA:65,6,1,1
BRDA:13,7,0,4
BRDA:13,7,1,0
BRDA:13,8,0,4
BRDA:13,8,1,4
BRDA:13,9,0,4
BRDA:13,9,1,0
BRDA:13,10,0,4
BRDA:13,10,1,4
BRF:21
BRH:14
end_of_record
TN:
SF:src/auth/jwt-auth.guard.ts
FNF:0
FNH:0
DA:1,3
DA:2,3
DA:5,3
LF:3
LH:3
BRF:0
BRH:0
end_of_record
TN:
SF:src/auth/jwt.strategy.ts
FN:7,(anonymous_2)
FN:15,(anonymous_3)
FNF:2
FNH:2
FNDA:10,(anonymous_2)
FNDA:2,(anonymous_3)
DA:1,3
DA:2,3
DA:3,3
DA:6,3
DA:8,10
DA:16,2
LF:6
LH:6
BRDA:11,0,0,10
BRDA:11,0,1,1
BRF:2
BRH:2
end_of_record
TN:
SF:src/auth/dto/auth-login.dto.ts
FNF:0
FNH:0
DA:1,3
LF:1
LH:1
BRF:0
BRH:0
end_of_record
TN:
SF:src/auth/dto/auth-register.dto.ts
FNF:0
FNH:0
DA:1,3
LF:1
LH:1
BRF:0
BRH:0
end_of_record
TN:
SF:src/user/user.controller.ts
FNF:0
FNH:0
DA:1,3
DA:4,3
LF:2
LH:2
BRF:0
BRH:0
end_of_record
TN:
SF:src/user/user.entity.ts
FNF:0
FNH:0
DA:3,2
LF:1
LH:1
BRF:0
BRH:0
end_of_record
TN:
SF:src/user/user.module.ts
FNF:0
FNH:0
DA:1,2
DA:2,2
DA:7,2
LF:3
LH:3
BRF:0
BRH:0
end_of_record
TN:
SF:src/user/user.service.ts
FNF:0
FNH:0
DA:1,1
DA:4,1
LF:2
LH:2
BRF:0
BRH:0
end_of_record
TN:
SF:src/user/dto/create-user.dto.ts
FNF:0
FNH:0
DA:1,1
LF:1
LH:1
BRF:0
BRH:0
end_of_record
TN:
SF:src/user/dto/login-user.dto.ts
FNF:0
FNH:0
DA:1,1
LF:1
LH:1
BRF:0
BRH:0
end_of_record
TN:
SF:src/wallet/wallet.controller.ts
FN:10,(anonymous_4)
FN:14,(anonymous_5)
FN:26,(anonymous_6)
FNF:3
FNH:3
FNDA:9,(anonymous_4)
FNDA:2,(anonymous_5)
FNDA:2,(anonymous_6)
DA:1,3
DA:2,3
DA:3,3
DA:4,3
DA:5,3
DA:8,3
DA:9,9
DA:10,9
DA:14,3
DA:15,2
DA:16,2
DA:17,1
DA:19,1
DA:20,1
DA:26,3
DA:27,2
DA:28,2
DA:29,1
DA:31,1
DA:32,1
LF:20
LH:20
BRDA:20,0,0,1
BRDA:20,0,1,1
BRDA:32,1,0,1
BRDA:32,1,1,1
BRDA:14,2,0,3
BRDA:14,2,1,0
BRDA:14,3,0,3
BRDA:14,3,1,3
BRDA:26,4,0,3
BRDA:26,4,1,0
BRDA:26,5,0,3
BRDA:26,5,1,3
BRDA:10,6,0,3
BRDA:10,6,1,0
BRDA:10,7,0,3
BRDA:10,7,1,3
BRF:16
BRH:13
end_of_record
TN:
SF:src/wallet/wallet.entity.ts
FNF:0
FNH:0
DA:3,2
LF:1
LH:1
BRF:0
BRH:0
end_of_record
TN:
SF:src/wallet/wallet.module.ts
FNF:0
FNH:0
DA:1,1
DA:2,1
DA:3,1
DA:9,1
LF:4
LH:4
BRF:0
BRH:0
end_of_record
TN:
SF:src/wallet/wallet.service.ts
FN:10,(anonymous_2)
FN:12,(anonymous_3)
FN:14,(anonymous_4)
FN:31,(anonymous_5)
FN:33,(anonymous_6)
FNF:5
FNH:5
FNDA:10,(anonymous_2)
FNDA:2,(anonymous_3)
FNDA:2,(anonymous_4)
FNDA:3,(anonymous_5)
FNDA:3,(anonymous_6)
DA:1,4
DA:2,4
DA:7,4
DA:8,10
DA:10,10
DA:13,2
DA:14,2
DA:15,2
DA:16,2
DA:17,1
DA:18,1
DA:22,1
DA:25,1
DA:26,1
DA:27,0
DA:32,3
DA:33,3
DA:34,3
DA:35,3
DA:36,2
DA:37,1
DA:38,1
DA:42,1
DA:45,2
DA:46,2
DA:47,0
LF:26
LH:24
BRDA:10,0,0,0
BRDA:16,1,0,1
BRDA:16,1,1,1
BRDA:26,2,0,1
BRDA:26,2,1,0
BRDA:27,3,0,0
BRDA:27,3,1,0
BRDA:35,4,0,1
BRDA:35,4,1,2
BRDA:36,5,0,1
BRDA:36,5,1,1
BRDA:46,6,0,2
BRDA:46,6,1,0
BRDA:47,7,0,0
BRDA:47,7,1,0
BRDA:10,8,0,4
BRDA:10,8,1,0
BRDA:10,9,0,4
BRDA:10,9,1,4
BRF:19
BRH:11
end_of_record
TN:
SF:src/wallet/dto/credit-wallet.dto.ts
FNF:0
FNH:0
DA:1,3
DA:3,3
DA:6,3
LF:3
LH:3
BRF:0
BRH:0
end_of_record
TN:
SF:src/wallet/dto/debit-wallet.dto.ts
FNF:0
FNH:0
DA:1,3
DA:3,3
DA:6,3
LF:3
LH:3
BRF:0
BRH:0
end_of_record
